<?xml version="1.0" encoding="UTF-8"?>
<!-- Generated by org.testng.reporters.JUnitReportReporter -->
<testsuite hostname="DESKTOP-SKRGRIP" failures="0" tests="4" name="API_Test.Test_For_User" time="8.180" errors="0" timestamp="2024-07-25T18:59:45 IST" skipped="0">
  <testcase classname="API_Test.Test_For_User" name="Test_Post_User" time="3.178"/>
  <testcase classname="API_Test.Test_For_User" name="Get_UserByName" time="1.300"/>
  <testcase classname="API_Test.Test_For_User" name="Test_Udate_User" time="2.489"/>
  <testcase classname="API_Test.Test_For_User" name="Delete_UserByName" time="1.213"/>
</testsuite> <!-- API_Test.Test_For_User -->
