<?xml version="1.0" encoding="UTF-8"?>
<!-- Generated by org.testng.reporters.JUnitReportReporter -->
<testsuite hostname="DESKTOP-SKRGRIP" failures="0" tests="6" name="API_Test.Data_Driven_Test" time="10.140" errors="0" timestamp="2024-07-23T18:26:00 IST" skipped="0">
  <testcase classname="API_Test.Data_Driven_Test" name="Test_Post_User" time="1.260"/>
  <testcase classname="API_Test.Data_Driven_Test" name="Test_Post_User" time="1.302"/>
  <testcase classname="API_Test.Data_Driven_Test" name="Test_Post_User" time="3.836"/>
  <testcase classname="API_Test.Data_Driven_Test" name="Delete_UserByName" time="1.253"/>
  <testcase classname="API_Test.Data_Driven_Test" name="Delete_UserByName" time="1.269"/>
  <testcase classname="API_Test.Data_Driven_Test" name="Delete_UserByName" time="1.220"/>
</testsuite> <!-- API_Test.Data_Driven_Test -->
