<?xml version="1.0" encoding="UTF-8"?>
<!-- Generated by org.testng.reporters.JUnitReportReporter -->
<testsuite hostname="DESKTOP-SKRGRIP" failures="0" tests="4" name="API_Test.Test_For_User" time="6.399" errors="0" timestamp="2024-08-05T17:59:13 IST" skipped="0">
  <testcase classname="API_Test.Test_For_User" name="Test_Post_User" time="1.284"/>
  <testcase classname="API_Test.Test_For_User" name="Get_UserByName" time="1.248"/>
  <testcase classname="API_Test.Test_For_User" name="Test_Udate_User" time="2.604"/>
  <testcase classname="API_Test.Test_For_User" name="Delete_UserByName" time="1.263"/>
</testsuite> <!-- API_Test.Test_For_User -->
