<?xml version="1.0" encoding="UTF-8"?>
<!-- Generated by org.testng.reporters.JUnitReportReporter -->
<testsuite hostname="DESKTOP-SKRGRIP" failures="0" tests="4" name="API_Test.Test_using_PropertyFile" time="6.391" errors="0" timestamp="2024-08-05T17:59:13 IST" skipped="0">
  <testcase classname="API_Test.Test_using_PropertyFile" name="Test_Post_User" time="1.248"/>
  <testcase classname="API_Test.Test_using_PropertyFile" name="Get_UserByName" time="1.268"/>
  <testcase classname="API_Test.Test_using_PropertyFile" name="Test_Udate_User" time="2.613"/>
  <testcase classname="API_Test.Test_using_PropertyFile" name="Delete_UserByName" time="1.262"/>
</testsuite> <!-- API_Test.Test_using_PropertyFile -->
