<?xml version="1.0" encoding="UTF-8"?>
<!-- Generated by org.testng.reporters.JUnitReportReporter -->
<testsuite hostname="DESKTOP-SKRGRIP" failures="0" tests="6" name="API_Test.Data_Driven_Test" time="9.724" errors="0" timestamp="2024-08-05T17:59:13 IST" skipped="0">
  <testcase classname="API_Test.Data_Driven_Test" name="Test_Post_User" time="3.269"/>
  <testcase classname="API_Test.Data_Driven_Test" name="Test_Post_User" time="1.283"/>
  <testcase classname="API_Test.Data_Driven_Test" name="Test_Post_User" time="1.300"/>
  <testcase classname="API_Test.Data_Driven_Test" name="Delete_UserByName" time="1.298"/>
  <testcase classname="API_Test.Data_Driven_Test" name="Delete_UserByName" time="1.313"/>
  <testcase classname="API_Test.Data_Driven_Test" name="Delete_UserByName" time="1.261"/>
</testsuite> <!-- API_Test.Data_Driven_Test -->
